SabianWizardPager/build/intermediates/manifest_merge_blame_file/debug/manifest-merger-blame-debug-report.txt
1<?xml version="1.0" encoding="utf-8"?>
2<manifest xmlns:android="http://schemas.android.com/apk/res/android"
3    package="com.tech.freak.wizardpager" >
4
5    <uses-sdk android:minSdkVersion="15" />
5-->src/main/AndroidManifest.xml
6
7    <application>
7-->src/main/AndroidManifest.xml:4:5-5:19
8    </application>
9
10</manifest>